[debug] [2023-03-01T13:28:33.376Z] ----------------------------------------------------------------------
[debug] [2023-03-01T13:28:33.379Z] Command:       C:\Program Files\nodejs\node.exe C:\Program Files\nodejs\node_modules\firebase-tools\lib\bin\firebase.js hosting:disable
[debug] [2023-03-01T13:28:33.380Z] CLI Version:   11.16.1
[debug] [2023-03-01T13:28:33.380Z] Platform:      win32
[debug] [2023-03-01T13:28:33.380Z] Node Version:  v16.13.2
[debug] [2023-03-01T13:28:33.395Z] Time:          Wed Mar 01 2023 16:28:33 GMT+0300 (Moscow Standard Time)
[debug] [2023-03-01T13:28:33.396Z] ----------------------------------------------------------------------
[debug] 
[debug] [2023-03-01T13:28:33.401Z] >>> [apiv2][query] GET https://firebase-public.firebaseio.com/cli.json [none]
[debug] [2023-03-01T13:28:33.437Z] > refreshing access token with scopes: []
[debug] [2023-03-01T13:28:33.438Z] >>> [apiv2][query] POST https://www.googleapis.com/oauth2/v3/token [none]
[debug] [2023-03-01T13:28:33.439Z] >>> [apiv2][body] POST https://www.googleapis.com/oauth2/v3/token [omitted]
[debug] [2023-03-01T13:28:33.628Z] <<< [apiv2][status] POST https://www.googleapis.com/oauth2/v3/token 200
[debug] [2023-03-01T13:28:33.628Z] <<< [apiv2][body] POST https://www.googleapis.com/oauth2/v3/token [omitted]
[debug] [2023-03-01T13:28:33.645Z] >>> [apiv2][query] GET https://firebase.googleapis.com/v1beta1/projects/undefined [none]
[debug] [2023-03-01T13:28:33.847Z] <<< [apiv2][status] GET https://firebase-public.firebaseio.com/cli.json 200
[debug] [2023-03-01T13:28:33.847Z] <<< [apiv2][body] GET https://firebase-public.firebaseio.com/cli.json {"cloudBuildErrorAfter":1594252800000,"cloudBuildWarnAfter":1590019200000,"defaultNode10After":1594252800000,"minVersion":"3.0.5","node8DeploysDisabledAfter":1613390400000,"node8RuntimeDisabledAfter":1615809600000,"node8WarnAfter":1600128000000}
[debug] [2023-03-01T13:28:33.989Z] <<< [apiv2][status] GET https://firebase.googleapis.com/v1beta1/projects/undefined 403
[debug] [2023-03-01T13:28:33.991Z] <<< [apiv2][body] GET https://firebase.googleapis.com/v1beta1/projects/undefined {"error":{"code":403,"message":"The caller does not have permission","status":"PERMISSION_DENIED"}}
[debug] [2023-03-01T13:28:33.995Z] HTTP Error: 403, The caller does not have permission
[debug] [2023-03-01T13:28:33.999Z] FirebaseError: HTTP Error: 403, The caller does not have permission
    at responseToError (C:\Users\isako\AppData\Roaming\nvm\v16.13.2\node_modules\firebase-tools\lib\responseToError.js:49:12)
    at RetryOperation._fn (C:\Users\isako\AppData\Roaming\nvm\v16.13.2\node_modules\firebase-tools\lib\apiv2.js:288:77)
    at processTicksAndRejections (node:internal/process/task_queues:96:5)
[error] 
[error] Error: Failed to get Firebase project undefined. Please make sure the project exists and your account has permission to access it.
